<?xml version="1.0" encoding="UTF-8"?>
<testsuite name="com.doutoutdou.kotlin2023.OtherTests" tests="1" skipped="0" failures="0" errors="0" timestamp="2023-02-08T04:39:15" hostname="doudou-B85M-D3H" time="0.021">
  <properties/>
  <testcase name="firstTest()" classname="com.doutoutdou.kotlin2023.OtherTests" time="0.021"/>
  <system-out><![CDATA[first test
]]></system-out>
  <system-err><![CDATA[]]></system-err>
</testsuite>
